<?xml version="1.0" encoding="UTF-8"?>
<!-- Generated by org.testng.reporters.JUnitReportReporter -->
<testsuite hostname="SANJANA" failures="0" tests="1" name="github.swap" time="0.010" errors="0" timestamp="2024-08-14T14:30:46 IST" skipped="0">
  <testcase classname="github.swap" name="swap1" time="0.010"/>
  <system-out/>
</testsuite> <!-- github.swap -->
